<?xml version="1.0" encoding="UTF-8"?>
<testsuites name="TS_Teams" time="13.895" tests="3" failures="0" errors="0">
   <testsuite name="TS_Teams" tests="3" failures="0" errors="0" time="13.895" skipped="0" timestamp="2022-12-31 14:32:47" hostname="flp-9-muhammadminanda - localhost" id="Test Suites/TS_Teams">
      <properties>
         <property name="deviceName" value=""/>
         <property name="devicePlatform" value=""/>
         <property name="logFolder" value="/Users/flp-9-muhammadminanda/Katalon Studio/katalon-api-cicle-staging/Reports/20221231_143129/TS_Teams/20221231_143132"/>
         <property name="logFiles" value="/Users/flp-9-muhammadminanda/Katalon Studio/katalon-api-cicle-staging/Reports/20221231_143129/TS_Teams/20221231_143132/execution0.log"/>
         <property name="attachments" value=""/>
         <property name="hostName" value="flp-9-muhammadminanda - localhost"/>
         <property name="hostAddress" value="127.0.0.1"/>
         <property name="os" value="Mac OS X 64bit"/>
         <property name="katalonVersion" value="8.5.2.208"/>
      </properties>
      <testcase name="Test Cases/companies/Create Company" time="9.679" classname="Test Cases/companies/Create Company" status="PASSED">
         <system-out><![CDATA[2022-12-31 14:32:47 - [TEST_CASE][PASSED] - Test Cases/companies/Create Company: Test Cases/companies/Create Company

2022-12-31 14:32:48 - [TEST_STEP][PASSED] - jsonSlurper = new groovy.json.JsonSlurper(): null

2022-12-31 14:32:48 - [TEST_STEP][PASSED] - response = sendRequest(findTestObject("companies/Create Company")): Send request successfully

2022-12-31 14:32:57 - [MESSAGE][INFO] - HAR: /Users/flp-9-muhammadminanda/Katalon Studio/katalon-api-cicle-staging/Reports/20221231_143129/TS_Teams/20221231_143132/requests/main/0.har

2022-12-31 14:32:57 - [MESSAGE][PASSED] - Send request successfully

2022-12-31 14:32:57 - [TEST_STEP][PASSED] - verifyResponseStatusCode(response, 200): Verify response status code successfully

2022-12-31 14:32:57 - [MESSAGE][PASSED] - Verify response status code successfully

2022-12-31 14:32:57 - [TEST_STEP][PASSED] - verifyElementPropertyValue(response, "message", "Successfully create company user"): Verify element property value successfully

2022-12-31 14:32:57 - [MESSAGE][PASSED] - Verify element property value successfully

2022-12-31 14:32:57 - [TEST_STEP][PASSED] - jsonResponse = jsonSlurper.parseText(response.getResponseBodyContent()): null

2022-12-31 14:32:57 - [TEST_STEP][PASSED] - companyId = _id: null]]></system-out>
         <system-err><![CDATA[]]></system-err>
      </testcase>
      <testcase name="Test Cases/teams/Create Team" time="0.887" classname="Test Cases/teams/Create Team" status="PASSED">
         <system-out><![CDATA[2022-12-31 14:32:57 - [TEST_CASE][PASSED] - Test Cases/teams/Create Team: Test Cases/teams/Create Team

2022-12-31 14:32:57 - [TEST_STEP][PASSED] - jsonSlurper = new groovy.json.JsonSlurper(): null

2022-12-31 14:32:57 - [TEST_STEP][PASSED] - response = sendRequest(findTestObject("teams/Create Team")): Send request successfully

2022-12-31 14:32:58 - [MESSAGE][INFO] - HAR: /Users/flp-9-muhammadminanda/Katalon Studio/katalon-api-cicle-staging/Reports/20221231_143129/TS_Teams/20221231_143132/requests/main/1.har

2022-12-31 14:32:58 - [MESSAGE][PASSED] - Send request successfully

2022-12-31 14:32:58 - [TEST_STEP][PASSED] - verifyResponseStatusCode(response, 200): Verify response status code successfully

2022-12-31 14:32:58 - [MESSAGE][PASSED] - Verify response status code successfully

2022-12-31 14:32:58 - [TEST_STEP][PASSED] - verifyElementPropertyValue(response, "newTeam.name", teamName): Verify element property value successfully

2022-12-31 14:32:58 - [MESSAGE][PASSED] - Verify element property value successfully

2022-12-31 14:32:58 - [TEST_STEP][PASSED] - jsonResponse = jsonSlurper.parseText(response.getResponseBodyContent()): null

2022-12-31 14:32:58 - [TEST_STEP][PASSED] - teamId = _id: null]]></system-out>
         <system-err><![CDATA[]]></system-err>
      </testcase>
      <testcase name="Test Cases/companies/Delete Company" time="2.87" classname="Test Cases/companies/Delete Company" status="PASSED">
         <system-out><![CDATA[2022-12-31 14:32:58 - [TEST_CASE][PASSED] - Test Cases/companies/Delete Company: Test Cases/companies/Delete Company

2022-12-31 14:32:58 - [TEST_STEP][PASSED] - response = sendRequest(findTestObject("companies/Delete Company")): Send request successfully

2022-12-31 14:33:01 - [MESSAGE][INFO] - HAR: /Users/flp-9-muhammadminanda/Katalon Studio/katalon-api-cicle-staging/Reports/20221231_143129/TS_Teams/20221231_143132/requests/main/2.har

2022-12-31 14:33:01 - [MESSAGE][PASSED] - Send request successfully

2022-12-31 14:33:01 - [TEST_STEP][PASSED] - verifyResponseStatusCode(response, 200): Verify response status code successfully

2022-12-31 14:33:01 - [MESSAGE][PASSED] - Verify response status code successfully]]></system-out>
         <system-err><![CDATA[]]></system-err>
      </testcase>
      <system-out><![CDATA[2022-12-31 14:32:47 - [TEST_SUITE][PASSED] - TS_Teams: Test Cases/companies/Delete Company]]></system-out>
      <system-err><![CDATA[]]></system-err>
   </testsuite>
</testsuites>
