<?xml version="1.0" encoding="UTF-8"?>
<testsuites name="TS_Teams" time="12.777" tests="4" failures="0" errors="0">
   <testsuite name="TS_Teams" tests="4" failures="0" errors="0" time="12.777" skipped="0" timestamp="2023-01-11 21:17:19" hostname="flp-9-muhammadminanda - localhost" id="Test Suites/TS_Teams">
      <properties>
         <property name="deviceName" value=""/>
         <property name="devicePlatform" value=""/>
         <property name="logFolder" value="/Users/flp-9-muhammadminanda/Katalon Studio/katalon-api-cicle-staging/Reports/20230111_211706/TS_Teams/20230111_211706"/>
         <property name="logFiles" value="/Users/flp-9-muhammadminanda/Katalon Studio/katalon-api-cicle-staging/Reports/20230111_211706/TS_Teams/20230111_211706/execution0.log"/>
         <property name="attachments" value=""/>
         <property name="hostName" value="flp-9-muhammadminanda - localhost"/>
         <property name="hostAddress" value="127.0.0.1"/>
         <property name="os" value="Mac OS X 64bit"/>
         <property name="katalonVersion" value="8.5.2.208"/>
      </properties>
      <testcase name="Test Cases/companies/Create Company" time="9.31" classname="Test Cases/companies/Create Company" status="PASSED">
         <system-out><![CDATA[2023-01-11 21:17:19 - [TEST_CASE][PASSED] - Test Cases/companies/Create Company: Test Cases/companies/Create Company

2023-01-11 21:17:20 - [TEST_STEP][PASSED] - jsonSlurper = new groovy.json.JsonSlurper(): null

2023-01-11 21:17:20 - [TEST_STEP][PASSED] - response = sendRequest(findTestObject("companies/Create Company")): Send request successfully

2023-01-11 21:17:28 - [MESSAGE][INFO] - HAR: /Users/flp-9-muhammadminanda/Katalon Studio/katalon-api-cicle-staging/Reports/20230111_211706/TS_Teams/20230111_211706/requests/main/0.har

2023-01-11 21:17:28 - [MESSAGE][PASSED] - Send request successfully

2023-01-11 21:17:28 - [TEST_STEP][PASSED] - verifyResponseStatusCode(response, 200): Verify response status code successfully

2023-01-11 21:17:28 - [MESSAGE][PASSED] - Verify response status code successfully

2023-01-11 21:17:28 - [TEST_STEP][PASSED] - verifyElementPropertyValue(response, "message", "Successfully create company user"): Verify element property value successfully

2023-01-11 21:17:28 - [MESSAGE][PASSED] - Verify element property value successfully

2023-01-11 21:17:28 - [TEST_STEP][PASSED] - jsonResponse = jsonSlurper.parseText(response.getResponseBodyContent()): null

2023-01-11 21:17:28 - [TEST_STEP][PASSED] - companyId = _id: null]]></system-out>
         <system-err><![CDATA[]]></system-err>
      </testcase>
      <testcase name="Test Cases/teams/Create Team" time="1.375" classname="Test Cases/teams/Create Team" status="PASSED">
         <system-out><![CDATA[2023-01-11 21:17:28 - [TEST_CASE][PASSED] - Test Cases/teams/Create Team: Test Cases/teams/Create Team

2023-01-11 21:17:29 - [TEST_STEP][PASSED] - response = sendRequest(findTestObject("teams/Create Team")): Send request successfully

2023-01-11 21:17:30 - [MESSAGE][INFO] - HAR: /Users/flp-9-muhammadminanda/Katalon Studio/katalon-api-cicle-staging/Reports/20230111_211706/TS_Teams/20230111_211706/requests/main/1.har

2023-01-11 21:17:30 - [MESSAGE][PASSED] - Send request successfully

2023-01-11 21:17:30 - [TEST_STEP][PASSED] - verifyResponseStatusCode(response, 200): Verify response status code successfully

2023-01-11 21:17:30 - [MESSAGE][PASSED] - Verify response status code successfully

2023-01-11 21:17:30 - [TEST_STEP][PASSED] - verifyElementPropertyValue(response, "newTeam.name", teamName): Verify element property value successfully

2023-01-11 21:17:30 - [MESSAGE][PASSED] - Verify element property value successfully

2023-01-11 21:17:30 - [TEST_STEP][PASSED] - jsonSlurper = new groovy.json.JsonSlurper(): null

2023-01-11 21:17:30 - [TEST_STEP][PASSED] - jsonResponse = jsonSlurper.parseText(response.getResponseBodyContent()): null

2023-01-11 21:17:30 - [TEST_STEP][PASSED] - teamId = _id: null

2023-01-11 21:17:30 - [TEST_STEP][PASSED] - println(teamId): null]]></system-out>
         <system-err><![CDATA[]]></system-err>
      </testcase>
      <testcase name="Test Cases/teams/Update Team" time="0.911" classname="Test Cases/teams/Update Team" status="PASSED">
         <system-out><![CDATA[2023-01-11 21:17:30 - [TEST_CASE][PASSED] - Test Cases/teams/Update Team: Test Cases/teams/Update Team

2023-01-11 21:17:30 - [TEST_STEP][PASSED] - response = sendRequest(findTestObject("teams/Update Team")): Send request successfully

2023-01-11 21:17:31 - [MESSAGE][INFO] - HAR: /Users/flp-9-muhammadminanda/Katalon Studio/katalon-api-cicle-staging/Reports/20230111_211706/TS_Teams/20230111_211706/requests/main/2.har

2023-01-11 21:17:31 - [MESSAGE][PASSED] - Send request successfully

2023-01-11 21:17:31 - [TEST_STEP][PASSED] - verifyResponseStatusCode(response, 200): Verify response status code successfully

2023-01-11 21:17:31 - [MESSAGE][PASSED] - Verify response status code successfully

2023-01-11 21:17:31 - [TEST_STEP][PASSED] - verifyElementPropertyValue(response, "currentTeam.name", teamNameEdit): Verify element property value successfully

2023-01-11 21:17:31 - [MESSAGE][PASSED] - Verify element property value successfully]]></system-out>
         <system-err><![CDATA[]]></system-err>
      </testcase>
      <testcase name="Test Cases/teams/Archive Team" time="0.707" classname="Test Cases/teams/Archive Team" status="PASSED">
         <system-out><![CDATA[2023-01-11 21:17:31 - [TEST_CASE][PASSED] - Test Cases/teams/Archive Team: Test Cases/teams/Archive Team

2023-01-11 21:17:31 - [TEST_STEP][PASSED] - response = sendRequest(findTestObject("teams/Archive Team")): Send request successfully

2023-01-11 21:17:31 - [MESSAGE][INFO] - HAR: /Users/flp-9-muhammadminanda/Katalon Studio/katalon-api-cicle-staging/Reports/20230111_211706/TS_Teams/20230111_211706/requests/main/3.har

2023-01-11 21:17:31 - [MESSAGE][PASSED] - Send request successfully

2023-01-11 21:17:31 - [TEST_STEP][PASSED] - verifyResponseStatusCode(response, 200): Verify response status code successfully

2023-01-11 21:17:31 - [MESSAGE][PASSED] - Verify response status code successfully

2023-01-11 21:17:31 - [TEST_STEP][PASSED] - verifyElementPropertyValue(response, "currentTeam.archived.status", true): Verify element property value successfully

2023-01-11 21:17:31 - [MESSAGE][PASSED] - Verify element property value successfully]]></system-out>
         <system-err><![CDATA[]]></system-err>
      </testcase>
      <system-out><![CDATA[2023-01-11 21:17:19 - [TEST_SUITE][PASSED] - TS_Teams: Test Cases/teams/Archive Team]]></system-out>
      <system-err><![CDATA[]]></system-err>
   </testsuite>
</testsuites>
