<?xml version="1.0" encoding="UTF-8"?>
<testsuites name="TS_Teams" time="54.866" tests="5" failures="0" errors="0">
   <testsuite name="TS_Teams" tests="5" failures="0" errors="0" time="54.866" skipped="0" timestamp="2023-01-11 21:22:24" hostname="flp-9-muhammadminanda - localhost" id="Test Suites/TS_Teams">
      <properties>
         <property name="deviceName" value=""/>
         <property name="devicePlatform" value=""/>
         <property name="logFolder" value="/Users/flp-9-muhammadminanda/Katalon Studio/katalon-api-cicle-staging/Reports/20230111_212138/TS_Teams/20230111_212141"/>
         <property name="logFiles" value="/Users/flp-9-muhammadminanda/Katalon Studio/katalon-api-cicle-staging/Reports/20230111_212138/TS_Teams/20230111_212141/execution0.log"/>
         <property name="attachments" value=""/>
         <property name="hostName" value="flp-9-muhammadminanda - localhost"/>
         <property name="hostAddress" value="127.0.0.1"/>
         <property name="os" value="Mac OS X 64bit"/>
         <property name="katalonVersion" value="8.5.2.208"/>
      </properties>
      <testcase name="Test Cases/companies/Create Company" time="28.773" classname="Test Cases/companies/Create Company" status="PASSED">
         <system-out><![CDATA[2023-01-11 21:22:24 - [TEST_CASE][PASSED] - Test Cases/companies/Create Company: Test Cases/companies/Create Company

2023-01-11 21:22:25 - [TEST_STEP][PASSED] - jsonSlurper = new groovy.json.JsonSlurper(): null

2023-01-11 21:22:25 - [TEST_STEP][PASSED] - response = sendRequest(findTestObject("companies/Create Company")): Send request successfully

2023-01-11 21:22:53 - [MESSAGE][INFO] - HAR: /Users/flp-9-muhammadminanda/Katalon Studio/katalon-api-cicle-staging/Reports/20230111_212138/TS_Teams/20230111_212141/requests/main/0.har

2023-01-11 21:22:53 - [MESSAGE][PASSED] - Send request successfully

2023-01-11 21:22:53 - [TEST_STEP][PASSED] - verifyResponseStatusCode(response, 200): Verify response status code successfully

2023-01-11 21:22:53 - [MESSAGE][PASSED] - Verify response status code successfully

2023-01-11 21:22:53 - [TEST_STEP][PASSED] - verifyElementPropertyValue(response, "message", "Successfully create company user"): Verify element property value successfully

2023-01-11 21:22:53 - [MESSAGE][PASSED] - Verify element property value successfully

2023-01-11 21:22:53 - [TEST_STEP][PASSED] - jsonResponse = jsonSlurper.parseText(response.getResponseBodyContent()): null

2023-01-11 21:22:53 - [TEST_STEP][PASSED] - companyId = _id: null]]></system-out>
         <system-err><![CDATA[]]></system-err>
      </testcase>
      <testcase name="Test Cases/teams/Create Team" time="2.279" classname="Test Cases/teams/Create Team" status="PASSED">
         <system-out><![CDATA[2023-01-11 21:22:53 - [TEST_CASE][PASSED] - Test Cases/teams/Create Team: Test Cases/teams/Create Team

2023-01-11 21:22:53 - [TEST_STEP][PASSED] - response = sendRequest(findTestObject("teams/Create Team")): Send request successfully

2023-01-11 21:22:55 - [MESSAGE][INFO] - HAR: /Users/flp-9-muhammadminanda/Katalon Studio/katalon-api-cicle-staging/Reports/20230111_212138/TS_Teams/20230111_212141/requests/main/1.har

2023-01-11 21:22:55 - [MESSAGE][PASSED] - Send request successfully

2023-01-11 21:22:55 - [TEST_STEP][PASSED] - verifyResponseStatusCode(response, 200): Verify response status code successfully

2023-01-11 21:22:55 - [MESSAGE][PASSED] - Verify response status code successfully

2023-01-11 21:22:55 - [TEST_STEP][PASSED] - verifyElementPropertyValue(response, "newTeam.name", teamName): Verify element property value successfully

2023-01-11 21:22:55 - [MESSAGE][PASSED] - Verify element property value successfully

2023-01-11 21:22:55 - [TEST_STEP][PASSED] - jsonSlurper = new groovy.json.JsonSlurper(): null

2023-01-11 21:22:55 - [TEST_STEP][PASSED] - jsonResponse = jsonSlurper.parseText(response.getResponseBodyContent()): null

2023-01-11 21:22:55 - [TEST_STEP][PASSED] - teamId = _id: null

2023-01-11 21:22:55 - [TEST_STEP][PASSED] - println(teamId): null]]></system-out>
         <system-err><![CDATA[]]></system-err>
      </testcase>
      <testcase name="Test Cases/teams/Update Team" time="8.086" classname="Test Cases/teams/Update Team" status="PASSED">
         <system-out><![CDATA[2023-01-11 21:22:55 - [TEST_CASE][PASSED] - Test Cases/teams/Update Team: Test Cases/teams/Update Team

2023-01-11 21:22:56 - [TEST_STEP][PASSED] - response = sendRequest(findTestObject("teams/Update Team")): Send request successfully

2023-01-11 21:23:03 - [MESSAGE][INFO] - HAR: /Users/flp-9-muhammadminanda/Katalon Studio/katalon-api-cicle-staging/Reports/20230111_212138/TS_Teams/20230111_212141/requests/main/2.har

2023-01-11 21:23:03 - [MESSAGE][PASSED] - Send request successfully

2023-01-11 21:23:03 - [TEST_STEP][PASSED] - verifyResponseStatusCode(response, 200): Verify response status code successfully

2023-01-11 21:23:03 - [MESSAGE][PASSED] - Verify response status code successfully

2023-01-11 21:23:03 - [TEST_STEP][PASSED] - verifyElementPropertyValue(response, "currentTeam.name", teamNameEdit): Verify element property value successfully

2023-01-11 21:23:03 - [MESSAGE][PASSED] - Verify element property value successfully]]></system-out>
         <system-err><![CDATA[]]></system-err>
      </testcase>
      <testcase name="Test Cases/teams/Archive Team" time="6.738" classname="Test Cases/teams/Archive Team" status="PASSED">
         <system-out><![CDATA[2023-01-11 21:23:04 - [TEST_CASE][PASSED] - Test Cases/teams/Archive Team: Test Cases/teams/Archive Team

2023-01-11 21:23:04 - [TEST_STEP][PASSED] - response = sendRequest(findTestObject("teams/Archive Team")): Send request successfully

2023-01-11 21:23:10 - [MESSAGE][INFO] - HAR: /Users/flp-9-muhammadminanda/Katalon Studio/katalon-api-cicle-staging/Reports/20230111_212138/TS_Teams/20230111_212141/requests/main/3.har

2023-01-11 21:23:10 - [MESSAGE][PASSED] - Send request successfully

2023-01-11 21:23:10 - [TEST_STEP][PASSED] - verifyResponseStatusCode(response, 200): Verify response status code successfully

2023-01-11 21:23:10 - [MESSAGE][PASSED] - Verify response status code successfully

2023-01-11 21:23:10 - [TEST_STEP][PASSED] - verifyElementPropertyValue(response, "currentTeam.archived.status", true): Verify element property value successfully

2023-01-11 21:23:10 - [MESSAGE][PASSED] - Verify element property value successfully]]></system-out>
         <system-err><![CDATA[]]></system-err>
      </testcase>
      <testcase name="Test Cases/companies/Delete Company" time="8.482" classname="Test Cases/companies/Delete Company" status="PASSED">
         <system-out><![CDATA[2023-01-11 21:23:10 - [TEST_CASE][PASSED] - Test Cases/companies/Delete Company: Test Cases/companies/Delete Company

2023-01-11 21:23:10 - [TEST_STEP][PASSED] - response = sendRequest(findTestObject("companies/Delete Company")): Send request successfully

2023-01-11 21:23:19 - [MESSAGE][INFO] - HAR: /Users/flp-9-muhammadminanda/Katalon Studio/katalon-api-cicle-staging/Reports/20230111_212138/TS_Teams/20230111_212141/requests/main/4.har

2023-01-11 21:23:19 - [MESSAGE][PASSED] - Send request successfully

2023-01-11 21:23:19 - [TEST_STEP][PASSED] - verifyResponseStatusCode(response, 200): Verify response status code successfully

2023-01-11 21:23:19 - [MESSAGE][PASSED] - Verify response status code successfully]]></system-out>
         <system-err><![CDATA[]]></system-err>
      </testcase>
      <system-out><![CDATA[2023-01-11 21:22:24 - [TEST_SUITE][PASSED] - TS_Teams: Test Cases/companies/Delete Company]]></system-out>
      <system-err><![CDATA[]]></system-err>
   </testsuite>
</testsuites>
