<?xml version="1.0" encoding="UTF-8"?>
<testsuites name="TS_Companies" time="88.57" tests="4" failures="0" errors="0">
   <testsuite name="TS_Companies" tests="4" failures="0" errors="0" time="88.57" skipped="0" timestamp="2023-01-11 21:22:01" hostname="flp-9-muhammadminanda - localhost" id="Test Suites/TS_Companies">
      <properties>
         <property name="deviceName" value=""/>
         <property name="devicePlatform" value=""/>
         <property name="logFolder" value="/Users/flp-9-muhammadminanda/Katalon Studio/katalon-api-cicle-staging/Reports/20230111_212138/TS_Companies/20230111_212139"/>
         <property name="logFiles" value="/Users/flp-9-muhammadminanda/Katalon Studio/katalon-api-cicle-staging/Reports/20230111_212138/TS_Companies/20230111_212139/execution0.log"/>
         <property name="attachments" value=""/>
         <property name="hostName" value="flp-9-muhammadminanda - localhost"/>
         <property name="hostAddress" value="127.0.0.1"/>
         <property name="os" value="Mac OS X 64bit"/>
         <property name="katalonVersion" value="8.5.2.208"/>
      </properties>
      <testcase name="Test Cases/companies/Create Company" time="8.706" classname="Test Cases/companies/Create Company" status="PASSED">
         <system-out><![CDATA[2023-01-11 21:22:02 - [TEST_CASE][PASSED] - Test Cases/companies/Create Company: Test Cases/companies/Create Company

2023-01-11 21:22:02 - [TEST_STEP][PASSED] - jsonSlurper = new groovy.json.JsonSlurper(): null

2023-01-11 21:22:02 - [TEST_STEP][PASSED] - response = sendRequest(findTestObject("companies/Create Company")): Send request successfully

2023-01-11 21:22:10 - [MESSAGE][INFO] - HAR: /Users/flp-9-muhammadminanda/Katalon Studio/katalon-api-cicle-staging/Reports/20230111_212138/TS_Companies/20230111_212139/requests/main/0.har

2023-01-11 21:22:10 - [MESSAGE][PASSED] - Send request successfully

2023-01-11 21:22:10 - [TEST_STEP][PASSED] - verifyResponseStatusCode(response, 200): Verify response status code successfully

2023-01-11 21:22:10 - [MESSAGE][PASSED] - Verify response status code successfully

2023-01-11 21:22:10 - [TEST_STEP][PASSED] - verifyElementPropertyValue(response, "message", "Successfully create company user"): Verify element property value successfully

2023-01-11 21:22:10 - [MESSAGE][PASSED] - Verify element property value successfully

2023-01-11 21:22:10 - [TEST_STEP][PASSED] - jsonResponse = jsonSlurper.parseText(response.getResponseBodyContent()): null

2023-01-11 21:22:10 - [TEST_STEP][PASSED] - companyId = _id: null]]></system-out>
         <system-err><![CDATA[]]></system-err>
      </testcase>
      <testcase name="Test Cases/companies/Get All Companies" time="10.3" classname="Test Cases/companies/Get All Companies" status="PASSED">
         <system-out><![CDATA[2023-01-11 21:22:10 - [TEST_CASE][PASSED] - Test Cases/companies/Get All Companies: Test Cases/companies/Get All Companies

2023-01-11 21:22:11 - [TEST_STEP][PASSED] - response = sendRequest(findTestObject("companies/Get All Companies")): Send request successfully

2023-01-11 21:22:21 - [MESSAGE][INFO] - HAR: /Users/flp-9-muhammadminanda/Katalon Studio/katalon-api-cicle-staging/Reports/20230111_212138/TS_Companies/20230111_212139/requests/main/1.har

2023-01-11 21:22:21 - [MESSAGE][PASSED] - Send request successfully

2023-01-11 21:22:21 - [TEST_STEP][PASSED] - verifyResponseStatusCode(response, 200): Verify response status code successfully

2023-01-11 21:22:21 - [MESSAGE][PASSED] - Verify response status code successfully

2023-01-11 21:22:21 - [TEST_STEP][PASSED] - jsonSlurper = new groovy.json.JsonSlurper(): null

2023-01-11 21:22:21 - [TEST_STEP][PASSED] - jsonResponse = jsonSlurper.parseText(response.getResponseBodyContent()): null

2023-01-11 21:22:21 - [TEST_STEP][PASSED] - foundCompany = false: null

2023-01-11 21:22:21 - [TEST_STEP][PASSED] - i = 0: null

2023-01-11 21:22:21 - [TEST_STEP][PASSED] - while (!(foundCompany)): null

2023-01-11 21:22:21 - [TEST_STEP][PASSED] - foundCompany = _id.equals(companyId): null

2023-01-11 21:22:21 - [TEST_STEP][PASSED] - (i++): null

2023-01-11 21:22:21 - [TEST_STEP][PASSED] - foundCompany = _id.equals(companyId): null

2023-01-11 21:22:21 - [TEST_STEP][PASSED] - (i++): null

2023-01-11 21:22:21 - [TEST_STEP][PASSED] - foundCompany = _id.equals(companyId): null

2023-01-11 21:22:21 - [TEST_STEP][PASSED] - (i++): null

2023-01-11 21:22:21 - [TEST_STEP][PASSED] - foundCompany = _id.equals(companyId): null

2023-01-11 21:22:21 - [TEST_STEP][PASSED] - (i++): null

2023-01-11 21:22:21 - [TEST_STEP][PASSED] - foundCompany = _id.equals(companyId): null

2023-01-11 21:22:21 - [TEST_STEP][PASSED] - (i++): null

2023-01-11 21:22:21 - [TEST_STEP][PASSED] - foundCompany = _id.equals(companyId): null

2023-01-11 21:22:21 - [TEST_STEP][PASSED] - (i++): null

2023-01-11 21:22:21 - [TEST_STEP][PASSED] - foundCompany = _id.equals(companyId): null

2023-01-11 21:22:21 - [TEST_STEP][PASSED] - (i++): null

2023-01-11 21:22:21 - [TEST_STEP][PASSED] - foundCompany = _id.equals(companyId): null

2023-01-11 21:22:21 - [TEST_STEP][PASSED] - (i++): null

2023-01-11 21:22:21 - [TEST_STEP][PASSED] - foundCompany = _id.equals(companyId): null

2023-01-11 21:22:21 - [TEST_STEP][PASSED] - (i++): null

2023-01-11 21:22:21 - [TEST_STEP][PASSED] - foundCompany = _id.equals(companyId): null

2023-01-11 21:22:21 - [TEST_STEP][PASSED] - (i++): null

2023-01-11 21:22:21 - [TEST_STEP][PASSED] - foundCompany = _id.equals(companyId): null

2023-01-11 21:22:21 - [TEST_STEP][PASSED] - (i++): null

2023-01-11 21:22:21 - [TEST_STEP][PASSED] - foundCompany = _id.equals(companyId): null

2023-01-11 21:22:21 - [TEST_STEP][PASSED] - (i++): null]]></system-out>
         <system-err><![CDATA[]]></system-err>
      </testcase>
      <testcase name="Test Cases/companies/Update Company" time="33.328" classname="Test Cases/companies/Update Company" status="PASSED">
         <system-out><![CDATA[2023-01-11 21:22:21 - [TEST_CASE][PASSED] - Test Cases/companies/Update Company: Test Cases/companies/Update Company

2023-01-11 21:22:21 - [TEST_STEP][PASSED] - companyName = companyName + " Edited": null

2023-01-11 21:22:21 - [TEST_STEP][PASSED] - response = sendRequest(findTestObject("companies/Update Company")): Send request successfully

2023-01-11 21:22:54 - [MESSAGE][INFO] - HAR: /Users/flp-9-muhammadminanda/Katalon Studio/katalon-api-cicle-staging/Reports/20230111_212138/TS_Companies/20230111_212139/requests/main/2.har

2023-01-11 21:22:54 - [MESSAGE][PASSED] - Send request successfully

2023-01-11 21:22:54 - [TEST_STEP][PASSED] - verifyResponseStatusCode(response, 200): Verify response status code successfully

2023-01-11 21:22:54 - [MESSAGE][PASSED] - Verify response status code successfully

2023-01-11 21:22:54 - [TEST_STEP][PASSED] - verifyElementPropertyValue(response, "company.name", companyName): Verify element property value successfully

2023-01-11 21:22:54 - [MESSAGE][PASSED] - Verify element property value successfully]]></system-out>
         <system-err><![CDATA[]]></system-err>
      </testcase>
      <testcase name="Test Cases/companies/Delete Company" time="35.679" classname="Test Cases/companies/Delete Company" status="PASSED">
         <system-out><![CDATA[2023-01-11 21:22:54 - [TEST_CASE][PASSED] - Test Cases/companies/Delete Company: Test Cases/companies/Delete Company

2023-01-11 21:22:54 - [TEST_STEP][PASSED] - response = sendRequest(findTestObject("companies/Delete Company")): Send request successfully

2023-01-11 21:23:30 - [MESSAGE][INFO] - HAR: /Users/flp-9-muhammadminanda/Katalon Studio/katalon-api-cicle-staging/Reports/20230111_212138/TS_Companies/20230111_212139/requests/main/3.har

2023-01-11 21:23:30 - [MESSAGE][PASSED] - Send request successfully

2023-01-11 21:23:30 - [TEST_STEP][PASSED] - verifyResponseStatusCode(response, 200): Verify response status code successfully

2023-01-11 21:23:30 - [MESSAGE][PASSED] - Verify response status code successfully]]></system-out>
         <system-err><![CDATA[]]></system-err>
      </testcase>
      <system-out><![CDATA[2023-01-11 21:22:01 - [TEST_SUITE][PASSED] - TS_Companies: Test Cases/companies/Delete Company]]></system-out>
      <system-err><![CDATA[]]></system-err>
   </testsuite>
</testsuites>
