<?xml version="1.0" encoding="UTF-8"?>
<testsuites name="TS_Teams" time="7.948" tests="3" failures="0" errors="0">
   <testsuite name="TS_Teams" tests="3" failures="0" errors="0" time="7.948" skipped="0" timestamp="2023-01-11 21:03:07" hostname="flp-9-muhammadminanda - localhost" id="Test Suites/TS_Teams">
      <properties>
         <property name="deviceName" value=""/>
         <property name="devicePlatform" value=""/>
         <property name="logFolder" value="/Users/flp-9-muhammadminanda/Katalon Studio/katalon-api-cicle-staging/Reports/20230111_210252/TS_Teams/20230111_210252"/>
         <property name="logFiles" value="/Users/flp-9-muhammadminanda/Katalon Studio/katalon-api-cicle-staging/Reports/20230111_210252/TS_Teams/20230111_210252/execution0.log"/>
         <property name="attachments" value=""/>
         <property name="hostName" value="flp-9-muhammadminanda - localhost"/>
         <property name="hostAddress" value="127.0.0.1"/>
         <property name="os" value="Mac OS X 64bit"/>
         <property name="katalonVersion" value="8.5.2.208"/>
      </properties>
      <testcase name="Test Cases/companies/Create Company" time="5.77" classname="Test Cases/companies/Create Company" status="PASSED">
         <system-out><![CDATA[2023-01-11 21:03:07 - [TEST_CASE][PASSED] - Test Cases/companies/Create Company: Test Cases/companies/Create Company

2023-01-11 21:03:08 - [TEST_STEP][PASSED] - jsonSlurper = new groovy.json.JsonSlurper(): null

2023-01-11 21:03:08 - [TEST_STEP][PASSED] - response = sendRequest(findTestObject("companies/Create Company")): Send request successfully

2023-01-11 21:03:13 - [MESSAGE][INFO] - HAR: /Users/flp-9-muhammadminanda/Katalon Studio/katalon-api-cicle-staging/Reports/20230111_210252/TS_Teams/20230111_210252/requests/main/0.har

2023-01-11 21:03:13 - [MESSAGE][PASSED] - Send request successfully

2023-01-11 21:03:13 - [TEST_STEP][PASSED] - verifyResponseStatusCode(response, 200): Verify response status code successfully

2023-01-11 21:03:13 - [MESSAGE][PASSED] - Verify response status code successfully

2023-01-11 21:03:13 - [TEST_STEP][PASSED] - verifyElementPropertyValue(response, "message", "Successfully create company user"): Verify element property value successfully

2023-01-11 21:03:13 - [MESSAGE][PASSED] - Verify element property value successfully

2023-01-11 21:03:13 - [TEST_STEP][PASSED] - jsonResponse = jsonSlurper.parseText(response.getResponseBodyContent()): null

2023-01-11 21:03:13 - [TEST_STEP][PASSED] - companyId = _id: null]]></system-out>
         <system-err><![CDATA[]]></system-err>
      </testcase>
      <testcase name="Test Cases/teams/Create Team" time="0.813" classname="Test Cases/teams/Create Team" status="PASSED">
         <system-out><![CDATA[2023-01-11 21:03:13 - [TEST_CASE][PASSED] - Test Cases/teams/Create Team: Test Cases/teams/Create Team

2023-01-11 21:03:13 - [TEST_STEP][PASSED] - response = sendRequest(findTestObject("teams/Create Team")): Send request successfully

2023-01-11 21:03:14 - [MESSAGE][INFO] - HAR: /Users/flp-9-muhammadminanda/Katalon Studio/katalon-api-cicle-staging/Reports/20230111_210252/TS_Teams/20230111_210252/requests/main/1.har

2023-01-11 21:03:14 - [MESSAGE][PASSED] - Send request successfully

2023-01-11 21:03:14 - [TEST_STEP][PASSED] - verifyResponseStatusCode(response, 200): Verify response status code successfully

2023-01-11 21:03:14 - [MESSAGE][PASSED] - Verify response status code successfully

2023-01-11 21:03:14 - [TEST_STEP][PASSED] - verifyElementPropertyValue(response, "newTeam.name", teamName): Verify element property value successfully

2023-01-11 21:03:14 - [MESSAGE][PASSED] - Verify element property value successfully

2023-01-11 21:03:14 - [TEST_STEP][PASSED] - jsonSlurper = new groovy.json.JsonSlurper(): null

2023-01-11 21:03:14 - [TEST_STEP][PASSED] - jsonResponse = jsonSlurper.parseText(response.getResponseBodyContent()): null

2023-01-11 21:03:14 - [TEST_STEP][PASSED] - teamId = _id: null

2023-01-11 21:03:14 - [TEST_STEP][PASSED] - println(teamId): null]]></system-out>
         <system-err><![CDATA[]]></system-err>
      </testcase>
      <testcase name="Test Cases/teams/Update Team" time="0.922" classname="Test Cases/teams/Update Team" status="PASSED">
         <system-out><![CDATA[2023-01-11 21:03:14 - [TEST_CASE][PASSED] - Test Cases/teams/Update Team: Test Cases/teams/Update Team

2023-01-11 21:03:14 - [TEST_STEP][PASSED] - response = sendRequest(findTestObject("teams/Update Team")): Send request successfully

2023-01-11 21:03:15 - [MESSAGE][INFO] - HAR: /Users/flp-9-muhammadminanda/Katalon Studio/katalon-api-cicle-staging/Reports/20230111_210252/TS_Teams/20230111_210252/requests/main/2.har

2023-01-11 21:03:15 - [MESSAGE][PASSED] - Send request successfully

2023-01-11 21:03:15 - [TEST_STEP][PASSED] - verifyResponseStatusCode(response, 200): Verify response status code successfully

2023-01-11 21:03:15 - [MESSAGE][PASSED] - Verify response status code successfully

2023-01-11 21:03:15 - [TEST_STEP][PASSED] - verifyElementPropertyValue(response, "currentTeam.name", teamNameEdit): Verify element property value successfully

2023-01-11 21:03:15 - [MESSAGE][PASSED] - Verify element property value successfully]]></system-out>
         <system-err><![CDATA[]]></system-err>
      </testcase>
      <system-out><![CDATA[2023-01-11 21:03:07 - [TEST_SUITE][PASSED] - TS_Teams: Test Cases/teams/Update Team]]></system-out>
      <system-err><![CDATA[]]></system-err>
   </testsuite>
</testsuites>
